Determining if the function log exists failed with the following output:
Change Dir: /home/nick/School/Open_Source/Labs/My_Labs--CSCI2961_Fall_2016/lab5/Tutorial/Step4/build/CMakeFiles/CMakeTmp

Run Build Command:"/usr/bin/make" "cmTC_3445d/fast"
/usr/bin/make -f CMakeFiles/cmTC_3445d.dir/build.make CMakeFiles/cmTC_3445d.dir/build
make[1]: Entering directory '/media/nick/06C41F65C41F55F1/Users/Nick/MEGA/School/Open_Source/Labs/My_Labs--CSCI2961_Fall_2016/lab5/Tutorial/Step4/build/CMakeFiles/CMakeTmp'
Building C object CMakeFiles/cmTC_3445d.dir/CheckFunctionExists.c.o
/usr/bin/cc    -DCHECK_FUNCTION_EXISTS=log   -o CMakeFiles/cmTC_3445d.dir/CheckFunctionExists.c.o   -c /usr/share/cmake-3.5/Modules/CheckFunctionExists.c
<command-line>:0:23: warning: conflicting types for built-in function ‘log’
/usr/share/cmake-3.5/Modules/CheckFunctionExists.c:6:6: note: in expansion of macro ‘CHECK_FUNCTION_EXISTS’
 char CHECK_FUNCTION_EXISTS();
      ^
Linking C executable cmTC_3445d
/usr/bin/cmake -E cmake_link_script CMakeFiles/cmTC_3445d.dir/link.txt --verbose=1
/usr/bin/cc   -DCHECK_FUNCTION_EXISTS=log    CMakeFiles/cmTC_3445d.dir/CheckFunctionExists.c.o  -o cmTC_3445d -rdynamic 
CMakeFiles/cmTC_3445d.dir/CheckFunctionExists.c.o: In function `main':
CheckFunctionExists.c:(.text+0x15): undefined reference to `log'
collect2: error: ld returned 1 exit status
CMakeFiles/cmTC_3445d.dir/build.make:97: recipe for target 'cmTC_3445d' failed
make[1]: *** [cmTC_3445d] Error 1
make[1]: Leaving directory '/media/nick/06C41F65C41F55F1/Users/Nick/MEGA/School/Open_Source/Labs/My_Labs--CSCI2961_Fall_2016/lab5/Tutorial/Step4/build/CMakeFiles/CMakeTmp'
Makefile:126: recipe for target 'cmTC_3445d/fast' failed
make: *** [cmTC_3445d/fast] Error 2


Determining if the function exp exists failed with the following output:
Change Dir: /home/nick/School/Open_Source/Labs/My_Labs--CSCI2961_Fall_2016/lab5/Tutorial/Step4/build/CMakeFiles/CMakeTmp

Run Build Command:"/usr/bin/make" "cmTC_63f52/fast"
/usr/bin/make -f CMakeFiles/cmTC_63f52.dir/build.make CMakeFiles/cmTC_63f52.dir/build
make[1]: Entering directory '/media/nick/06C41F65C41F55F1/Users/Nick/MEGA/School/Open_Source/Labs/My_Labs--CSCI2961_Fall_2016/lab5/Tutorial/Step4/build/CMakeFiles/CMakeTmp'
Building C object CMakeFiles/cmTC_63f52.dir/CheckFunctionExists.c.o
/usr/bin/cc    -DCHECK_FUNCTION_EXISTS=exp   -o CMakeFiles/cmTC_63f52.dir/CheckFunctionExists.c.o   -c /usr/share/cmake-3.5/Modules/CheckFunctionExists.c
<command-line>:0:23: warning: conflicting types for built-in function ‘exp’
/usr/share/cmake-3.5/Modules/CheckFunctionExists.c:6:6: note: in expansion of macro ‘CHECK_FUNCTION_EXISTS’
 char CHECK_FUNCTION_EXISTS();
      ^
Linking C executable cmTC_63f52
/usr/bin/cmake -E cmake_link_script CMakeFiles/cmTC_63f52.dir/link.txt --verbose=1
/usr/bin/cc   -DCHECK_FUNCTION_EXISTS=exp    CMakeFiles/cmTC_63f52.dir/CheckFunctionExists.c.o  -o cmTC_63f52 -rdynamic 
CMakeFiles/cmTC_63f52.dir/CheckFunctionExists.c.o: In function `main':
CheckFunctionExists.c:(.text+0x15): undefined reference to `exp'
collect2: error: ld returned 1 exit status
CMakeFiles/cmTC_63f52.dir/build.make:97: recipe for target 'cmTC_63f52' failed
make[1]: *** [cmTC_63f52] Error 1
make[1]: Leaving directory '/media/nick/06C41F65C41F55F1/Users/Nick/MEGA/School/Open_Source/Labs/My_Labs--CSCI2961_Fall_2016/lab5/Tutorial/Step4/build/CMakeFiles/CMakeTmp'
Makefile:126: recipe for target 'cmTC_63f52/fast' failed
make: *** [cmTC_63f52/fast] Error 2


